2023-03-21 12:25:07.679 [main] INFO  org.example.Calculator - [SQ ROOT] - 43.0
2023-03-21 12:25:07.682 [main] INFO  org.example.Calculator - [RESULT - SQ ROOT] - 6.557438524302
2023-03-21 12:25:16.269 [main] INFO  org.example.Calculator - [POWER - 4.0 RAISED TO] 43.0
2023-03-21 12:25:16.270 [main] INFO  org.example.Calculator - [RESULT - POWER] - 7.737125245533627E25
2023-03-21 12:25:22.249 [main] INFO  org.example.Calculator - [NATURAL LOG] - 54.0
2023-03-21 12:25:22.250 [main] INFO  org.example.Calculator - [RESULT - NATURAL LOG] - 3.9889840465642745
2023-03-21 12:25:25.543 [main] INFO  org.example.Calculator - [FACTORIAL] - 34.0
2023-03-21 12:25:25.545 [main] INFO  org.example.Calculator - [RESULT - FACTORIAL] - 2.9523279903960412E38
2023-03-21 13:06:19.636 [main] INFO  org.example.Calculator - [SQ ROOT] - 16.0
2023-03-21 13:06:19.640 [main] INFO  org.example.Calculator - [RESULT - SQ ROOT] - 4.0
2023-03-21 13:06:19.640 [main] INFO  org.example.Calculator - [SQ ROOT] - 1.0
2023-03-21 13:06:19.640 [main] INFO  org.example.Calculator - [RESULT - SQ ROOT] - 1.0
2023-03-21 13:06:19.640 [main] INFO  org.example.Calculator - [SQ ROOT] - 81.0
2023-03-21 13:06:19.640 [main] INFO  org.example.Calculator - [RESULT - SQ ROOT] - 9.0
2023-03-21 13:06:19.640 [main] INFO  org.example.Calculator - [SQ ROOT] - 36.0
2023-03-21 13:06:19.641 [main] INFO  org.example.Calculator - [RESULT - SQ ROOT] - 6.0
2023-03-21 13:06:19.641 [main] INFO  org.example.Calculator - [SQ ROOT] - 3.0
2023-03-21 13:06:19.641 [main] INFO  org.example.Calculator - [RESULT - SQ ROOT] - 1.7320508075688772
2023-03-21 13:06:19.641 [main] INFO  org.example.Calculator - [SQ ROOT] - 4.0
2023-03-21 13:06:19.641 [main] INFO  org.example.Calculator - [RESULT - SQ ROOT] - 2.0
2023-03-21 13:06:19.642 [main] INFO  org.example.Calculator - [SQ ROOT] - 81.0
2023-03-21 13:06:19.642 [main] INFO  org.example.Calculator - [RESULT - SQ ROOT] - 9.0
2023-03-21 13:06:19.642 [main] INFO  org.example.Calculator - [SQ ROOT] - 36.0
2023-03-21 13:06:19.642 [main] INFO  org.example.Calculator - [RESULT - SQ ROOT] - 6.0
2023-03-21 13:06:19.643 [main] INFO  org.example.Calculator - [NATURAL LOG] - 1.0
2023-03-21 13:06:19.644 [main] INFO  org.example.Calculator - [RESULT - NATURAL LOG] - 0.0
2023-03-21 13:06:19.657 [main] INFO  org.example.Calculator - [POWER - 2.0 RAISED TO] 3.0
2023-03-21 13:06:19.658 [main] INFO  org.example.Calculator - [RESULT - POWER] - 8.0
2023-03-21 13:06:19.658 [main] INFO  org.example.Calculator - [POWER - 3.0 RAISED TO] 3.0
2023-03-21 13:06:19.658 [main] INFO  org.example.Calculator - [RESULT - POWER] - 27.0
2023-03-21 13:06:19.658 [main] INFO  org.example.Calculator - [POWER - 4.0 RAISED TO] 3.0
2023-03-21 13:06:19.659 [main] INFO  org.example.Calculator - [RESULT - POWER] - 64.0
2023-03-21 13:06:19.659 [main] INFO  org.example.Calculator - [POWER - 5.0 RAISED TO] 3.0
2023-03-21 13:06:19.659 [main] INFO  org.example.Calculator - [RESULT - POWER] - 125.0
2023-03-21 13:06:19.660 [main] INFO  org.example.Calculator - [POWER - 2.0 RAISED TO] 3.0
2023-03-21 13:06:19.660 [main] INFO  org.example.Calculator - [RESULT - POWER] - 8.0
2023-03-21 13:06:19.660 [main] INFO  org.example.Calculator - [POWER - 1.0 RAISED TO] 3.0
2023-03-21 13:06:19.660 [main] INFO  org.example.Calculator - [RESULT - POWER] - 1.0
2023-03-21 13:06:19.660 [main] INFO  org.example.Calculator - [POWER - 3.0 RAISED TO] 4.0
2023-03-21 13:06:19.660 [main] INFO  org.example.Calculator - [RESULT - POWER] - 81.0
2023-03-21 13:06:19.660 [main] INFO  org.example.Calculator - [POWER - 4.0 RAISED TO] 3.0
2023-03-21 13:06:19.661 [main] INFO  org.example.Calculator - [RESULT - POWER] - 64.0
2023-03-21 13:06:19.661 [main] INFO  org.example.Calculator - [POWER - 5.0 RAISED TO] 2.0
2023-03-21 13:06:19.661 [main] INFO  org.example.Calculator - [RESULT - POWER] - 25.0
2023-03-21 13:06:19.661 [main] INFO  org.example.Calculator - [NATURAL LOG] - 2.4
2023-03-21 13:06:19.662 [main] INFO  org.example.Calculator - [RESULT - NATURAL LOG] - 0.8754687373538999
2023-03-21 13:06:19.662 [main] INFO  org.example.Calculator - [NATURAL LOG] - 2.1
2023-03-21 13:06:19.662 [main] INFO  org.example.Calculator - [RESULT - NATURAL LOG] - 0.7419373447293773
2023-03-21 13:18:40.665 [main] INFO  org.example.Calculator - [NATURAL LOG] - 65.0
2023-03-21 13:18:40.670 [main] INFO  org.example.Calculator - [RESULT - NATURAL LOG] - 4.174387269895637
2023-03-21 13:19:51.508 [main] INFO  org.example.Calculator - [SQ ROOT] - 23.0
2023-03-21 13:19:51.509 [main] INFO  org.example.Calculator - [RESULT - SQ ROOT] - 4.795831523312719
2023-03-21 13:20:45.900 [main] INFO  org.example.Calculator - [POWER - 23.0 RAISED TO] 4.0
2023-03-21 13:20:45.901 [main] INFO  org.example.Calculator - [RESULT - POWER] - 279841.0
2024-02-12 12:58:56.474 [main] INFO  org.example.Calculator - [SQ ROOT] - 16.0
2024-02-12 12:58:56.477 [main] INFO  org.example.Calculator - [RESULT - SQ ROOT] - 4.0
2024-02-12 12:58:56.477 [main] INFO  org.example.Calculator - [SQ ROOT] - 1.0
2024-02-12 12:58:56.478 [main] INFO  org.example.Calculator - [RESULT - SQ ROOT] - 1.0
2024-02-12 12:58:56.478 [main] INFO  org.example.Calculator - [SQ ROOT] - 81.0
2024-02-12 12:58:56.478 [main] INFO  org.example.Calculator - [RESULT - SQ ROOT] - 9.0
2024-02-12 12:58:56.478 [main] INFO  org.example.Calculator - [SQ ROOT] - 36.0
2024-02-12 12:58:56.478 [main] INFO  org.example.Calculator - [RESULT - SQ ROOT] - 6.0
2024-02-12 12:58:56.479 [main] INFO  org.example.Calculator - [SQ ROOT] - 3.0
2024-02-12 12:58:56.479 [main] INFO  org.example.Calculator - [RESULT - SQ ROOT] - 1.7320508075688772
2024-02-12 12:58:56.479 [main] INFO  org.example.Calculator - [SQ ROOT] - 4.0
2024-02-12 12:58:56.479 [main] INFO  org.example.Calculator - [RESULT - SQ ROOT] - 2.0
2024-02-12 12:58:56.479 [main] INFO  org.example.Calculator - [SQ ROOT] - 81.0
2024-02-12 12:58:56.480 [main] INFO  org.example.Calculator - [RESULT - SQ ROOT] - 9.0
2024-02-12 12:58:56.480 [main] INFO  org.example.Calculator - [SQ ROOT] - 36.0
2024-02-12 12:58:56.480 [main] INFO  org.example.Calculator - [RESULT - SQ ROOT] - 6.0
2024-02-12 12:58:56.481 [main] INFO  org.example.Calculator - [NATURAL LOG] - 1.0
2024-02-12 12:58:56.481 [main] INFO  org.example.Calculator - [RESULT - NATURAL LOG] - 0.0
2024-02-12 12:58:56.489 [main] INFO  org.example.Calculator - [POWER - 2.0 RAISED TO] 3.0
2024-02-12 12:58:56.490 [main] INFO  org.example.Calculator - [RESULT - POWER] - 8.0
2024-02-12 12:58:56.490 [main] INFO  org.example.Calculator - [POWER - 3.0 RAISED TO] 3.0
2024-02-12 12:58:56.491 [main] INFO  org.example.Calculator - [RESULT - POWER] - 27.0
2024-02-12 12:58:56.491 [main] INFO  org.example.Calculator - [POWER - 4.0 RAISED TO] 3.0
2024-02-12 12:58:56.491 [main] INFO  org.example.Calculator - [RESULT - POWER] - 64.0
2024-02-12 12:58:56.491 [main] INFO  org.example.Calculator - [POWER - 5.0 RAISED TO] 3.0
2024-02-12 12:58:56.491 [main] INFO  org.example.Calculator - [RESULT - POWER] - 125.0
2024-02-12 12:58:56.492 [main] INFO  org.example.Calculator - [POWER - 2.0 RAISED TO] 3.0
2024-02-12 12:58:56.492 [main] INFO  org.example.Calculator - [RESULT - POWER] - 8.0
2024-02-12 12:58:56.492 [main] INFO  org.example.Calculator - [POWER - 1.0 RAISED TO] 3.0
2024-02-12 12:58:56.492 [main] INFO  org.example.Calculator - [RESULT - POWER] - 1.0
2024-02-12 12:58:56.492 [main] INFO  org.example.Calculator - [POWER - 3.0 RAISED TO] 4.0
2024-02-12 12:58:56.493 [main] INFO  org.example.Calculator - [RESULT - POWER] - 81.0
2024-02-12 12:58:56.493 [main] INFO  org.example.Calculator - [POWER - 4.0 RAISED TO] 3.0
2024-02-12 12:58:56.493 [main] INFO  org.example.Calculator - [RESULT - POWER] - 64.0
2024-02-12 12:58:56.493 [main] INFO  org.example.Calculator - [POWER - 5.0 RAISED TO] 2.0
2024-02-12 12:58:56.493 [main] INFO  org.example.Calculator - [RESULT - POWER] - 25.0
2024-02-12 12:58:56.494 [main] INFO  org.example.Calculator - [NATURAL LOG] - 2.4
2024-02-12 12:58:56.494 [main] INFO  org.example.Calculator - [RESULT - NATURAL LOG] - 0.8754687373538999
2024-02-12 12:58:56.495 [main] INFO  org.example.Calculator - [NATURAL LOG] - 2.1
2024-02-12 12:58:56.496 [main] INFO  org.example.Calculator - [RESULT - NATURAL LOG] - 0.7419373447293773
2024-02-12 13:00:24.196 [main] INFO  org.example.Calculator - [NATURAL LOG] - 100.0
2024-02-12 13:00:24.199 [main] INFO  org.example.Calculator - [RESULT - NATURAL LOG] - 4.605170185988092
2024-02-12 13:01:08.823 [main] INFO  org.example.Calculator - [FACTORIAL] - 4.0
2024-02-12 13:01:08.824 [main] INFO  org.example.Calculator - [RESULT - FACTORIAL] - 24.0
2024-02-12 13:14:23.169 [main] INFO  org.example.Calculator - [SQ ROOT] - 16.0
2024-02-12 13:14:23.171 [main] INFO  org.example.Calculator - [RESULT - SQ ROOT] - 4.0
2024-02-12 13:14:23.171 [main] INFO  org.example.Calculator - [SQ ROOT] - 1.0
2024-02-12 13:14:23.171 [main] INFO  org.example.Calculator - [RESULT - SQ ROOT] - 1.0
2024-02-12 13:14:23.172 [main] INFO  org.example.Calculator - [SQ ROOT] - 81.0
2024-02-12 13:14:23.172 [main] INFO  org.example.Calculator - [RESULT - SQ ROOT] - 9.0
2024-02-12 13:14:23.172 [main] INFO  org.example.Calculator - [SQ ROOT] - 36.0
2024-02-12 13:14:23.172 [main] INFO  org.example.Calculator - [RESULT - SQ ROOT] - 6.0
2024-02-12 13:14:23.172 [main] INFO  org.example.Calculator - [SQ ROOT] - 3.0
2024-02-12 13:14:23.172 [main] INFO  org.example.Calculator - [RESULT - SQ ROOT] - 1.7320508075688772
2024-02-12 13:14:23.173 [main] INFO  org.example.Calculator - [SQ ROOT] - 4.0
2024-02-12 13:14:23.173 [main] INFO  org.example.Calculator - [RESULT - SQ ROOT] - 2.0
2024-02-12 13:14:23.173 [main] INFO  org.example.Calculator - [SQ ROOT] - 81.0
2024-02-12 13:14:23.173 [main] INFO  org.example.Calculator - [RESULT - SQ ROOT] - 9.0
2024-02-12 13:14:23.173 [main] INFO  org.example.Calculator - [SQ ROOT] - 36.0
2024-02-12 13:14:23.173 [main] INFO  org.example.Calculator - [RESULT - SQ ROOT] - 6.0
2024-02-12 13:14:23.173 [main] INFO  org.example.Calculator - [NATURAL LOG] - 1.0
2024-02-12 13:14:23.174 [main] INFO  org.example.Calculator - [RESULT - NATURAL LOG] - 0.0
2024-02-12 13:14:23.179 [main] INFO  org.example.Calculator - [POWER - 2.0 RAISED TO] 3.0
2024-02-12 13:14:23.180 [main] INFO  org.example.Calculator - [RESULT - POWER] - 8.0
2024-02-12 13:14:23.180 [main] INFO  org.example.Calculator - [POWER - 3.0 RAISED TO] 3.0
2024-02-12 13:14:23.180 [main] INFO  org.example.Calculator - [RESULT - POWER] - 27.0
2024-02-12 13:14:23.180 [main] INFO  org.example.Calculator - [POWER - 4.0 RAISED TO] 3.0
2024-02-12 13:14:23.180 [main] INFO  org.example.Calculator - [RESULT - POWER] - 64.0
2024-02-12 13:14:23.180 [main] INFO  org.example.Calculator - [POWER - 5.0 RAISED TO] 3.0
2024-02-12 13:14:23.181 [main] INFO  org.example.Calculator - [RESULT - POWER] - 125.0
2024-02-12 13:14:23.181 [main] INFO  org.example.Calculator - [POWER - 2.0 RAISED TO] 3.0
2024-02-12 13:14:23.181 [main] INFO  org.example.Calculator - [RESULT - POWER] - 8.0
2024-02-12 13:14:23.181 [main] INFO  org.example.Calculator - [POWER - 1.0 RAISED TO] 3.0
2024-02-12 13:14:23.181 [main] INFO  org.example.Calculator - [RESULT - POWER] - 1.0
2024-02-12 13:14:23.181 [main] INFO  org.example.Calculator - [POWER - 3.0 RAISED TO] 4.0
2024-02-12 13:14:23.181 [main] INFO  org.example.Calculator - [RESULT - POWER] - 81.0
2024-02-12 13:14:23.182 [main] INFO  org.example.Calculator - [POWER - 4.0 RAISED TO] 3.0
2024-02-12 13:14:23.182 [main] INFO  org.example.Calculator - [RESULT - POWER] - 64.0
2024-02-12 13:14:23.182 [main] INFO  org.example.Calculator - [POWER - 5.0 RAISED TO] 2.0
2024-02-12 13:14:23.182 [main] INFO  org.example.Calculator - [RESULT - POWER] - 25.0
2024-02-12 13:14:23.182 [main] INFO  org.example.Calculator - [NATURAL LOG] - 2.4
2024-02-12 13:14:23.182 [main] INFO  org.example.Calculator - [RESULT - NATURAL LOG] - 0.8754687373538999
2024-02-12 13:14:23.183 [main] INFO  org.example.Calculator - [NATURAL LOG] - 2.1
2024-02-12 13:14:23.183 [main] INFO  org.example.Calculator - [RESULT - NATURAL LOG] - 0.7419373447293773
2024-02-12 14:33:58.001 [main] INFO  org.example.Calculator - [SQ ROOT] - 16.0
2024-02-12 14:33:58.003 [main] INFO  org.example.Calculator - [RESULT - SQ ROOT] - 4.0
2024-02-12 14:33:58.003 [main] INFO  org.example.Calculator - [SQ ROOT] - 1.0
2024-02-12 14:33:58.003 [main] INFO  org.example.Calculator - [RESULT - SQ ROOT] - 1.0
2024-02-12 14:33:58.003 [main] INFO  org.example.Calculator - [SQ ROOT] - 81.0
2024-02-12 14:33:58.003 [main] INFO  org.example.Calculator - [RESULT - SQ ROOT] - 9.0
2024-02-12 14:33:58.003 [main] INFO  org.example.Calculator - [SQ ROOT] - 36.0
2024-02-12 14:33:58.004 [main] INFO  org.example.Calculator - [RESULT - SQ ROOT] - 6.0
2024-02-12 14:33:58.004 [main] INFO  org.example.Calculator - [SQ ROOT] - 3.0
2024-02-12 14:33:58.004 [main] INFO  org.example.Calculator - [RESULT - SQ ROOT] - 1.7320508075688772
2024-02-12 14:33:58.004 [main] INFO  org.example.Calculator - [SQ ROOT] - 4.0
2024-02-12 14:33:58.004 [main] INFO  org.example.Calculator - [RESULT - SQ ROOT] - 2.0
2024-02-12 14:33:58.005 [main] INFO  org.example.Calculator - [SQ ROOT] - 81.0
2024-02-12 14:33:58.005 [main] INFO  org.example.Calculator - [RESULT - SQ ROOT] - 9.0
2024-02-12 14:33:58.005 [main] INFO  org.example.Calculator - [SQ ROOT] - 36.0
2024-02-12 14:33:58.005 [main] INFO  org.example.Calculator - [RESULT - SQ ROOT] - 6.0
2024-02-12 14:33:58.006 [main] INFO  org.example.Calculator - [NATURAL LOG] - 1.0
2024-02-12 14:33:58.006 [main] INFO  org.example.Calculator - [RESULT - NATURAL LOG] - 0.0
2024-02-12 14:33:58.011 [main] INFO  org.example.Calculator - [POWER - 2.0 RAISED TO] 3.0
2024-02-12 14:33:58.012 [main] INFO  org.example.Calculator - [RESULT - POWER] - 8.0
2024-02-12 14:33:58.012 [main] INFO  org.example.Calculator - [POWER - 3.0 RAISED TO] 3.0
2024-02-12 14:33:58.012 [main] INFO  org.example.Calculator - [RESULT - POWER] - 27.0
2024-02-12 14:33:58.012 [main] INFO  org.example.Calculator - [POWER - 4.0 RAISED TO] 3.0
2024-02-12 14:33:58.012 [main] INFO  org.example.Calculator - [RESULT - POWER] - 64.0
2024-02-12 14:33:58.012 [main] INFO  org.example.Calculator - [POWER - 5.0 RAISED TO] 3.0
2024-02-12 14:33:58.012 [main] INFO  org.example.Calculator - [RESULT - POWER] - 125.0
2024-02-12 14:33:58.013 [main] INFO  org.example.Calculator - [POWER - 2.0 RAISED TO] 3.0
2024-02-12 14:33:58.013 [main] INFO  org.example.Calculator - [RESULT - POWER] - 8.0
2024-02-12 14:33:58.013 [main] INFO  org.example.Calculator - [POWER - 1.0 RAISED TO] 3.0
2024-02-12 14:33:58.013 [main] INFO  org.example.Calculator - [RESULT - POWER] - 1.0
2024-02-12 14:33:58.013 [main] INFO  org.example.Calculator - [POWER - 3.0 RAISED TO] 4.0
2024-02-12 14:33:58.013 [main] INFO  org.example.Calculator - [RESULT - POWER] - 81.0
2024-02-12 14:33:58.014 [main] INFO  org.example.Calculator - [POWER - 4.0 RAISED TO] 3.0
2024-02-12 14:33:58.014 [main] INFO  org.example.Calculator - [RESULT - POWER] - 64.0
2024-02-12 14:33:58.014 [main] INFO  org.example.Calculator - [POWER - 5.0 RAISED TO] 2.0
2024-02-12 14:33:58.014 [main] INFO  org.example.Calculator - [RESULT - POWER] - 25.0
2024-02-12 14:33:58.014 [main] INFO  org.example.Calculator - [NATURAL LOG] - 2.4
2024-02-12 14:33:58.015 [main] INFO  org.example.Calculator - [RESULT - NATURAL LOG] - 0.8754687373538999
2024-02-12 14:33:58.015 [main] INFO  org.example.Calculator - [NATURAL LOG] - 2.1
2024-02-12 14:33:58.015 [main] INFO  org.example.Calculator - [RESULT - NATURAL LOG] - 0.7419373447293773
2024-02-24 16:10:55.626 [main] INFO  org.example.Calculator - [SQ ROOT] - 16.0
2024-02-24 16:10:55.630 [main] INFO  org.example.Calculator - [RESULT - SQ ROOT] - 4.0
2024-02-24 16:10:55.630 [main] INFO  org.example.Calculator - [SQ ROOT] - 1.0
2024-02-24 16:10:55.630 [main] INFO  org.example.Calculator - [RESULT - SQ ROOT] - 1.0
2024-02-24 16:10:55.631 [main] INFO  org.example.Calculator - [SQ ROOT] - 81.0
2024-02-24 16:10:55.631 [main] INFO  org.example.Calculator - [RESULT - SQ ROOT] - 9.0
2024-02-24 16:10:55.631 [main] INFO  org.example.Calculator - [SQ ROOT] - 36.0
2024-02-24 16:10:55.631 [main] INFO  org.example.Calculator - [RESULT - SQ ROOT] - 6.0
2024-02-24 16:10:55.632 [main] INFO  org.example.Calculator - [SQ ROOT] - 3.0
2024-02-24 16:10:55.632 [main] INFO  org.example.Calculator - [RESULT - SQ ROOT] - 1.7320508075688772
2024-02-24 16:10:55.632 [main] INFO  org.example.Calculator - [SQ ROOT] - 4.0
2024-02-24 16:10:55.632 [main] INFO  org.example.Calculator - [RESULT - SQ ROOT] - 2.0
2024-02-24 16:10:55.632 [main] INFO  org.example.Calculator - [SQ ROOT] - 81.0
2024-02-24 16:10:55.633 [main] INFO  org.example.Calculator - [RESULT - SQ ROOT] - 9.0
2024-02-24 16:10:55.633 [main] INFO  org.example.Calculator - [SQ ROOT] - 36.0
2024-02-24 16:10:55.633 [main] INFO  org.example.Calculator - [RESULT - SQ ROOT] - 6.0
2024-02-24 16:10:55.634 [main] INFO  org.example.Calculator - [NATURAL LOG] - 1.0
2024-02-24 16:10:55.635 [main] INFO  org.example.Calculator - [RESULT - NATURAL LOG] - 0.0
2024-02-24 16:10:55.644 [main] INFO  org.example.Calculator - [POWER - 2.0 RAISED TO] 3.0
2024-02-24 16:10:55.645 [main] INFO  org.example.Calculator - [RESULT - POWER] - 8.0
2024-02-24 16:10:55.645 [main] INFO  org.example.Calculator - [POWER - 3.0 RAISED TO] 3.0
2024-02-24 16:10:55.645 [main] INFO  org.example.Calculator - [RESULT - POWER] - 27.0
2024-02-24 16:10:55.645 [main] INFO  org.example.Calculator - [POWER - 4.0 RAISED TO] 3.0
2024-02-24 16:10:55.645 [main] INFO  org.example.Calculator - [RESULT - POWER] - 64.0
2024-02-24 16:10:55.645 [main] INFO  org.example.Calculator - [POWER - 5.0 RAISED TO] 3.0
2024-02-24 16:10:55.646 [main] INFO  org.example.Calculator - [RESULT - POWER] - 125.0
2024-02-24 16:10:55.646 [main] INFO  org.example.Calculator - [POWER - 2.0 RAISED TO] 3.0
2024-02-24 16:10:55.646 [main] INFO  org.example.Calculator - [RESULT - POWER] - 8.0
2024-02-24 16:10:55.647 [main] INFO  org.example.Calculator - [POWER - 1.0 RAISED TO] 3.0
2024-02-24 16:10:55.647 [main] INFO  org.example.Calculator - [RESULT - POWER] - 1.0
2024-02-24 16:10:55.647 [main] INFO  org.example.Calculator - [POWER - 3.0 RAISED TO] 4.0
2024-02-24 16:10:55.647 [main] INFO  org.example.Calculator - [RESULT - POWER] - 81.0
2024-02-24 16:10:55.647 [main] INFO  org.example.Calculator - [POWER - 4.0 RAISED TO] 3.0
2024-02-24 16:10:55.647 [main] INFO  org.example.Calculator - [RESULT - POWER] - 64.0
2024-02-24 16:10:55.647 [main] INFO  org.example.Calculator - [POWER - 5.0 RAISED TO] 2.0
2024-02-24 16:10:55.647 [main] INFO  org.example.Calculator - [RESULT - POWER] - 25.0
2024-02-24 16:10:55.648 [main] INFO  org.example.Calculator - [NATURAL LOG] - 2.4
2024-02-24 16:10:55.649 [main] INFO  org.example.Calculator - [RESULT - NATURAL LOG] - 0.8754687373538999
2024-02-24 16:10:55.649 [main] INFO  org.example.Calculator - [NATURAL LOG] - 2.1
2024-02-24 16:10:55.649 [main] INFO  org.example.Calculator - [RESULT - NATURAL LOG] - 0.7419373447293773
2024-02-24 16:11:05.720 [main] INFO  org.example.Calculator - [SQ ROOT] - 16.0
2024-02-24 16:11:05.722 [main] INFO  org.example.Calculator - [RESULT - SQ ROOT] - 4.0
2024-02-24 16:11:05.722 [main] INFO  org.example.Calculator - [SQ ROOT] - 1.0
2024-02-24 16:11:05.723 [main] INFO  org.example.Calculator - [RESULT - SQ ROOT] - 1.0
2024-02-24 16:11:05.723 [main] INFO  org.example.Calculator - [SQ ROOT] - 81.0
2024-02-24 16:11:05.723 [main] INFO  org.example.Calculator - [RESULT - SQ ROOT] - 9.0
2024-02-24 16:11:05.723 [main] INFO  org.example.Calculator - [SQ ROOT] - 36.0
2024-02-24 16:11:05.723 [main] INFO  org.example.Calculator - [RESULT - SQ ROOT] - 6.0
2024-02-24 16:11:05.723 [main] INFO  org.example.Calculator - [SQ ROOT] - 3.0
2024-02-24 16:11:05.723 [main] INFO  org.example.Calculator - [RESULT - SQ ROOT] - 1.7320508075688772
2024-02-24 16:11:05.724 [main] INFO  org.example.Calculator - [SQ ROOT] - 4.0
2024-02-24 16:11:05.724 [main] INFO  org.example.Calculator - [RESULT - SQ ROOT] - 2.0
2024-02-24 16:11:05.724 [main] INFO  org.example.Calculator - [SQ ROOT] - 81.0
2024-02-24 16:11:05.724 [main] INFO  org.example.Calculator - [RESULT - SQ ROOT] - 9.0
2024-02-24 16:11:05.724 [main] INFO  org.example.Calculator - [SQ ROOT] - 36.0
2024-02-24 16:11:05.724 [main] INFO  org.example.Calculator - [RESULT - SQ ROOT] - 6.0
2024-02-24 16:11:05.724 [main] INFO  org.example.Calculator - [NATURAL LOG] - 1.0
2024-02-24 16:11:05.725 [main] INFO  org.example.Calculator - [RESULT - NATURAL LOG] - 0.0
2024-02-24 16:11:05.729 [main] INFO  org.example.Calculator - [POWER - 2.0 RAISED TO] 3.0
2024-02-24 16:11:05.729 [main] INFO  org.example.Calculator - [RESULT - POWER] - 8.0
2024-02-24 16:11:05.729 [main] INFO  org.example.Calculator - [POWER - 3.0 RAISED TO] 3.0
2024-02-24 16:11:05.730 [main] INFO  org.example.Calculator - [RESULT - POWER] - 27.0
2024-02-24 16:11:05.730 [main] INFO  org.example.Calculator - [POWER - 4.0 RAISED TO] 3.0
2024-02-24 16:11:05.730 [main] INFO  org.example.Calculator - [RESULT - POWER] - 64.0
2024-02-24 16:11:05.730 [main] INFO  org.example.Calculator - [POWER - 5.0 RAISED TO] 3.0
2024-02-24 16:11:05.730 [main] INFO  org.example.Calculator - [RESULT - POWER] - 125.0
2024-02-24 16:11:05.730 [main] INFO  org.example.Calculator - [POWER - 2.0 RAISED TO] 3.0
2024-02-24 16:11:05.731 [main] INFO  org.example.Calculator - [RESULT - POWER] - 8.0
2024-02-24 16:11:05.731 [main] INFO  org.example.Calculator - [POWER - 1.0 RAISED TO] 3.0
2024-02-24 16:11:05.731 [main] INFO  org.example.Calculator - [RESULT - POWER] - 1.0
2024-02-24 16:11:05.731 [main] INFO  org.example.Calculator - [POWER - 3.0 RAISED TO] 4.0
2024-02-24 16:11:05.731 [main] INFO  org.example.Calculator - [RESULT - POWER] - 81.0
2024-02-24 16:11:05.731 [main] INFO  org.example.Calculator - [POWER - 4.0 RAISED TO] 3.0
2024-02-24 16:11:05.731 [main] INFO  org.example.Calculator - [RESULT - POWER] - 64.0
2024-02-24 16:11:05.731 [main] INFO  org.example.Calculator - [POWER - 5.0 RAISED TO] 2.0
2024-02-24 16:11:05.731 [main] INFO  org.example.Calculator - [RESULT - POWER] - 25.0
2024-02-24 16:11:05.732 [main] INFO  org.example.Calculator - [NATURAL LOG] - 2.4
2024-02-24 16:11:05.732 [main] INFO  org.example.Calculator - [RESULT - NATURAL LOG] - 0.8754687373538999
2024-02-24 16:11:05.732 [main] INFO  org.example.Calculator - [NATURAL LOG] - 2.1
2024-02-24 16:11:05.732 [main] INFO  org.example.Calculator - [RESULT - NATURAL LOG] - 0.7419373447293773
